Collecting poetry==2.1.3
  Downloading poetry-2.1.3-py3-none-any.whl.metadata (7.1 kB)
Collecting build<2.0.0,>=1.2.1 (from poetry==2.1.3)
  Downloading build-1.2.2.post1-py3-none-any.whl.metadata (6.5 kB)
Collecting cachecontrol<0.15.0,>=0.14.0 (from cachecontrol[filecache]<0.15.0,>=0.14.0->poetry==2.1.3)
  Downloading cachecontrol-0.14.3-py3-none-any.whl.metadata (3.1 kB)
Collecting cleo<3.0.0,>=2.1.0 (from poetry==2.1.3)
  Downloading cleo-2.1.0-py3-none-any.whl.metadata (12 kB)
Collecting dulwich<0.23.0,>=0.22.6 (from poetry==2.1.3)
  Downloading dulwich-0.22.8-py3-none-any.whl.metadata (4.9 kB)
Collecting fastjsonschema<3.0.0,>=2.18.0 (from poetry==2.1.3)
  Downloading fastjsonschema-2.21.1-py3-none-any.whl.metadata (2.2 kB)
Collecting findpython<0.7.0,>=0.6.2 (from poetry==2.1.3)
  Downloading findpython-0.6.3-py3-none-any.whl.metadata (5.3 kB)
Collecting installer<0.8.0,>=0.7.0 (from poetry==2.1.3)
  Downloading installer-0.7.0-py3-none-any.whl.metadata (936 bytes)
Collecting keyring<26.0.0,>=25.1.0 (from poetry==2.1.3)
  Using cached keyring-25.6.0-py3-none-any.whl.metadata (20 kB)
Collecting packaging>=24.0 (from poetry==2.1.3)
  Using cached packaging-25.0-py3-none-any.whl.metadata (3.3 kB)
Collecting pbs-installer<2026.0.0,>=2025.1.6 (from pbs-installer[download,install]<2026.0.0,>=2025.1.6->poetry==2.1.3)
  Downloading pbs_installer-2025.4.9-py3-none-any.whl.metadata (990 bytes)
Collecting pkginfo<2.0,>=1.12 (from poetry==2.1.3)
  Downloading pkginfo-1.12.1.2-py3-none-any.whl.metadata (13 kB)
Collecting platformdirs<5,>=3.0.0 (from poetry==2.1.3)
  Downloading platformdirs-4.3.8-py3-none-any.whl.metadata (12 kB)
Collecting poetry-core==2.1.3 (from poetry==2.1.3)
  Downloading poetry_core-2.1.3-py3-none-any.whl.metadata (3.5 kB)
Collecting pyproject-hooks<2.0.0,>=1.0.0 (from poetry==2.1.3)
  Downloading pyproject_hooks-1.2.0-py3-none-any.whl.metadata (1.3 kB)
Collecting requests<3.0,>=2.26 (from poetry==2.1.3)
  Using cached requests-2.32.3-py3-none-any.whl.metadata (4.6 kB)
Collecting requests-toolbelt<2.0.0,>=1.0.0 (from poetry==2.1.3)
  Downloading requests_toolbelt-1.0.0-py2.py3-none-any.whl.metadata (14 kB)
Collecting shellingham<2.0,>=1.5 (from poetry==2.1.3)
  Using cached shellingham-1.5.4-py2.py3-none-any.whl.metadata (3.5 kB)
Collecting tomli<3.0.0,>=2.0.1 (from poetry==2.1.3)
  Downloading tomli-2.2.1-py3-none-any.whl.metadata (10 kB)
Collecting tomlkit<1.0.0,>=0.11.4 (from poetry==2.1.3)
  Downloading tomlkit-0.13.2-py3-none-any.whl.metadata (2.7 kB)
Collecting trove-classifiers>=2022.5.19 (from poetry==2.1.3)
  Downloading trove_classifiers-2025.5.9.12-py3-none-any.whl.metadata (2.3 kB)
INFO: pip is looking at multiple versions of poetry to determine which version is compatible with other requirements. This could take a while.
ERROR: Ignored the following versions that require a different python version: 0.6.2 Requires-Python >=2.7.0.0,<2.8.0.0,>=3.4.0.0,<4.0.0.0; 0.6.3 Requires-Python >=2.7.0.0,<2.8.0.0,>=3.4.0.0,<4.0.0.0
ERROR: Could not find a version that satisfies the requirement virtualenv<21.0.0,>=20.26.6 (from poetry) (from versions: none)
ERROR: No matching distribution found for virtualenv<21.0.0,>=20.26.6

Traceback:

  File "<string>", line 937, in main
  File "<string>", line 574, in run
  File "<string>", line 596, in install
  File "<string>", line 699, in install_poetry
  File "<string>", line 389, in pip
  File "<string>", line 386, in python
  File "<string>", line 379, in run
